2024-06-11T17:23:32.345Z error : uncaughtException: jwt malformed
UnauthorizedError: jwt malformed
    at C:\Data\Project\React\MernApp\node_modules\express-jwt\lib\index.js:102:22
    at Object.module.exports [as verify] (C:\Data\Project\React\MernApp\node_modules\express-jwt\node_modules\jsonwebtoken\verify.js:63:12)
    at verifyToken (C:\Data\Project\React\MernApp\node_modules\express-jwt\lib\index.js:100:13)
    at fn (C:\Data\Project\React\MernApp\node_modules\async\lib\async.js:746:34)
    at C:\Data\Project\React\MernApp\node_modules\async\lib\async.js:1213:16
    at C:\Data\Project\React\MernApp\node_modules\async\lib\async.js:166:37
    at C:\Data\Project\React\MernApp\node_modules\async\lib\async.js:706:43
    at C:\Data\Project\React\MernApp\node_modules\async\lib\async.js:167:37
    at Immediate.<anonymous> (C:\Data\Project\React\MernApp\node_modules\async\lib\async.js:1206:34)
    at processImmediate (node:internal/timers:466:21)
2024-06-11T17:30:22.431Z error : uncaughtException: jwt malformed
UnauthorizedError: jwt malformed
    at C:\Data\Project\React\MernApp\node_modules\express-jwt\lib\index.js:102:22
    at Object.module.exports [as verify] (C:\Data\Project\React\MernApp\node_modules\express-jwt\node_modules\jsonwebtoken\verify.js:63:12)
    at verifyToken (C:\Data\Project\React\MernApp\node_modules\express-jwt\lib\index.js:100:13)
    at fn (C:\Data\Project\React\MernApp\node_modules\async\lib\async.js:746:34)
    at C:\Data\Project\React\MernApp\node_modules\async\lib\async.js:1213:16
    at C:\Data\Project\React\MernApp\node_modules\async\lib\async.js:166:37
    at C:\Data\Project\React\MernApp\node_modules\async\lib\async.js:706:43
    at C:\Data\Project\React\MernApp\node_modules\async\lib\async.js:167:37
    at Immediate.<anonymous> (C:\Data\Project\React\MernApp\node_modules\async\lib\async.js:1206:34)
    at processImmediate (node:internal/timers:466:21)
2024-06-11T17:31:14.634Z error : uncaughtException: jwt expired
UnauthorizedError: jwt expired
    at C:\Data\Project\React\MernApp\node_modules\express-jwt\lib\index.js:102:22
    at C:\Data\Project\React\MernApp\node_modules\express-jwt\node_modules\jsonwebtoken\verify.js:152:16
    at getSecret (C:\Data\Project\React\MernApp\node_modules\express-jwt\node_modules\jsonwebtoken\verify.js:90:14)
    at Object.module.exports [as verify] (C:\Data\Project\React\MernApp\node_modules\express-jwt\node_modules\jsonwebtoken\verify.js:94:10)
    at verifyToken (C:\Data\Project\React\MernApp\node_modules\express-jwt\lib\index.js:100:13)
    at fn (C:\Data\Project\React\MernApp\node_modules\async\lib\async.js:746:34)
    at C:\Data\Project\React\MernApp\node_modules\async\lib\async.js:1213:16
    at C:\Data\Project\React\MernApp\node_modules\async\lib\async.js:166:37
    at C:\Data\Project\React\MernApp\node_modules\async\lib\async.js:706:43
    at C:\Data\Project\React\MernApp\node_modules\async\lib\async.js:167:37
    at Immediate.<anonymous> (C:\Data\Project\React\MernApp\node_modules\async\lib\async.js:1206:34)
    at processImmediate (node:internal/timers:466:21)
2024-06-11T17:31:28.791Z error : uncaughtException: jwt expired
UnauthorizedError: jwt expired
    at C:\Data\Project\React\MernApp\node_modules\express-jwt\lib\index.js:102:22
    at C:\Data\Project\React\MernApp\node_modules\express-jwt\node_modules\jsonwebtoken\verify.js:152:16
    at getSecret (C:\Data\Project\React\MernApp\node_modules\express-jwt\node_modules\jsonwebtoken\verify.js:90:14)
    at Object.module.exports [as verify] (C:\Data\Project\React\MernApp\node_modules\express-jwt\node_modules\jsonwebtoken\verify.js:94:10)
    at verifyToken (C:\Data\Project\React\MernApp\node_modules\express-jwt\lib\index.js:100:13)
    at fn (C:\Data\Project\React\MernApp\node_modules\async\lib\async.js:746:34)
    at C:\Data\Project\React\MernApp\node_modules\async\lib\async.js:1213:16
    at C:\Data\Project\React\MernApp\node_modules\async\lib\async.js:166:37
    at C:\Data\Project\React\MernApp\node_modules\async\lib\async.js:706:43
    at C:\Data\Project\React\MernApp\node_modules\async\lib\async.js:167:37
    at Immediate.<anonymous> (C:\Data\Project\React\MernApp\node_modules\async\lib\async.js:1206:34)
    at processImmediate (node:internal/timers:466:21)
